<?xml version="1.0" encoding="UTF-8"?>
<!-- Generated by org.testng.reporters.JUnitReportReporter -->
<testsuite skipped="0" hostname="LENOVOE" name="Controller" tests="1" failures="0" timestamp="09 Jun 2020 08:51:29 GMT" time="4.112" errors="0">
  <testcase name="prepareAPIRequests" time="4.112" classname="Controller"/>
</testsuite> <!-- Controller -->
